  main.cpp
c:\users\michael\desktop\loopsubdivision\loopsubdivision\camera.hpp(22): warning C4244: 'initializing': conversion from 'float' to 'int', possible loss of data
c:\users\michael\desktop\loopsubdivision\loopsubdivision\camera.hpp(23): warning C4244: 'initializing': conversion from 'float' to 'int', possible loss of data
c:\users\michael\desktop\loopsubdivision\loopsubdivision\controller.hpp(15): warning C4244: 'return': conversion from 'double' to 'float', possible loss of data
c:\users\michael\desktop\loopsubdivision\loopsubdivision\controller.hpp(19): warning C4244: 'return': conversion from 'double' to 'float', possible loss of data
c:\users\michael\desktop\loopsubdivision\common\mat4.h(55): warning C4244: 'initializing': conversion from 'double' to 'float', possible loss of data
c:\users\michael\desktop\loopsubdivision\common\mat4.h(65): warning C4244: 'initializing': conversion from 'double' to 'float', possible loss of data
c:\users\michael\desktop\loopsubdivision\common\mat4.h(75): warning C4244: 'initializing': conversion from 'double' to 'float', possible loss of data
c:\users\michael\desktop\loopsubdivision\common\mat4.h(85): warning C4244: 'initializing': conversion from 'double' to 'float', possible loss of data
c:\users\michael\desktop\loopsubdivision\common\mat4.h(86): warning C4244: 'initializing': conversion from 'double' to 'float', possible loss of data
c:\users\michael\desktop\loopsubdivision\common\mat4.h(112): warning C4244: 'initializing': conversion from 'double' to 'float', possible loss of data
c:\users\michael\desktop\loopsubdivision\loopsubdivision\main.cpp(127): warning C4267: 'argument': conversion from 'size_t' to 'int', possible loss of data
c:\users\michael\desktop\loopsubdivision\loopsubdivision\main.cpp(128): warning C4267: 'argument': conversion from 'size_t' to 'int', possible loss of data
c:\users\michael\desktop\loopsubdivision\loopsubdivision\main.cpp(138): warning C4101: 'c': unreferenced local variable
c:\users\michael\desktop\loopsubdivision\loopsubdivision\main.cpp(138): warning C4101: 'h': unreferenced local variable
c:\users\michael\desktop\loopsubdivision\loopsubdivision\main.cpp(138): warning C4101: 'w': unreferenced local variable
c:\users\michael\desktop\loopsubdivision\loopsubdivision\main.cpp(247): warning C4244: 'initializing': conversion from 'int' to 'float', possible loss of data
c:\users\michael\desktop\loopsubdivision\loopsubdivision\main.cpp(295): warning C4267: 'argument': conversion from 'size_t' to 'GLsizei', possible loss of data
c:\users\michael\desktop\loopsubdivision\loopsubdivision\main.cpp(316): warning C4267: 'argument': conversion from 'size_t' to 'GLsizei', possible loss of data
  EsgiShader.cpp
  Generating Code...
c:\users\michael\desktop\loopsubdivision\loopsubdivision\envinc.hpp(485): warning C4715: 'EnvInc::getRandomInsidePoint': not all control paths return a value
LINK : fatal error LNK1104: cannot open file 'freeglut.lib'
